<?xml version="1.0" encoding="UTF-8"?>
<!-- Generated by org.testng.reporters.JUnitReportReporter -->
<testsuite hostname="DESKTOP-EJUEMR9" failures="0" tests="2" name="com.sevenrmartsupermarket.tests.LoginTest" time="7.975" errors="0" timestamp="2024-01-02T07:19:32 IST" skipped="0">
  <testcase classname="com.sevenrmartsupermarket.tests.LoginTest" name="verifyInvalidLogin" time="4.014"/>
  <system-out/>
  <testcase classname="com.sevenrmartsupermarket.tests.LoginTest" name="verifyLogin" time="3.961"/>
  <system-out/>
</testsuite> <!-- com.sevenrmartsupermarket.tests.LoginTest -->
