<?xml version="1.0" encoding="UTF-8"?>
<!-- Generated by org.testng.reporters.JUnitReportReporter -->
<testsuite hostname="DESKTOP-EJUEMR9" failures="0" tests="1" name="com.sevenrmartsupermarket.tests.ManageLocationTest" time="9.510" errors="0" timestamp="2024-01-02T12:56:31 IST" skipped="0">
  <testcase classname="com.sevenrmartsupermarket.tests.ManageLocationTest" name="verifyLocation" time="9.510"/>
  <system-out/>
</testsuite> <!-- com.sevenrmartsupermarket.tests.ManageLocationTest -->
