<?xml version="1.0" encoding="UTF-8"?>
<!-- Generated by org.testng.reporters.JUnitReportReporter -->
<testsuite hostname="DESKTOP-EJUEMR9" failures="0" tests="1" name="com.sevenrmartsupermarket.tests.HomeTest" time="5.895" errors="0" timestamp="2024-01-02T12:55:42 IST" skipped="0">
  <testcase classname="com.sevenrmartsupermarket.tests.HomeTest" name="verify_Logout" time="5.895"/>
  <system-out/>
</testsuite> <!-- com.sevenrmartsupermarket.tests.HomeTest -->
